app/build/intermediates/manifest_merge_blame_file/debug/manifest-merger-blame-debug-report.txt
1<?xml version="1.0" encoding="utf-8"?>
2<manifest xmlns:android="http://schemas.android.com/apk/res/android"
3    package="com.example.tpandroid"
4    android:versionCode="1"
5    android:versionName="1.0" >
6
7    <uses-sdk
8        android:minSdkVersion="26"
8-->src/main/AndroidManifest.xml
9        android:targetSdkVersion="29" />
9-->src/main/AndroidManifest.xml
10
11    <application
11-->src/main/AndroidManifest.xml:5:5-24:19
12        android:allowBackup="true"
12-->src/main/AndroidManifest.xml:6:9-35
13        android:appComponentFactory="androidx.core.app.CoreComponentFactory"
13-->[androidx.core:core:1.0.1] AndroidManifest.xml:22:18-86
14        android:debuggable="true"
15        android:icon="@mipmap/ic_launcher"
15-->src/main/AndroidManifest.xml:7:9-43
16        android:label="@string/app_name"
16-->src/main/AndroidManifest.xml:8:9-41
17        android:roundIcon="@mipmap/ic_launcher_round"
17-->src/main/AndroidManifest.xml:9:9-54
18        android:supportsRtl="true"
18-->src/main/AndroidManifest.xml:10:9-35
19        android:theme="@style/AppTheme" >
19-->src/main/AndroidManifest.xml:11:9-40
20        <meta-data
20-->src/main/AndroidManifest.xml:12:9-60
21            android:name="lang"
21-->src/main/AndroidManifest.xml:12:20-39
22            android:value="fr" />
22-->src/main/AndroidManifest.xml:12:40-58
23
24        <activity android:name="com.example.tpandroid.QuestionActivity" />
24-->src/main/AndroidManifest.xml:13:9-63
24-->src/main/AndroidManifest.xml:13:19-51
25        <activity android:name="com.example.tpandroid.NewPartyActivity" />
25-->src/main/AndroidManifest.xml:14:9-54
25-->src/main/AndroidManifest.xml:14:19-51
26        <activity android:name="com.example.tpandroid.OptionActivity" />
26-->src/main/AndroidManifest.xml:15:9-52
26-->src/main/AndroidManifest.xml:15:19-49
27        <activity android:name="com.example.tpandroid.HelpActivity" />
27-->src/main/AndroidManifest.xml:16:9-50
27-->src/main/AndroidManifest.xml:16:19-47
28        <activity android:name="com.example.tpandroid.MainActivity" >
28-->src/main/AndroidManifest.xml:17:9-23:20
28-->src/main/AndroidManifest.xml:17:19-47
29            <intent-filter>
29-->src/main/AndroidManifest.xml:18:13-22:29
30                <action android:name="android.intent.action.MAIN" />
30-->src/main/AndroidManifest.xml:19:17-69
30-->src/main/AndroidManifest.xml:19:25-66
31
32                <category android:name="android.intent.category.LAUNCHER" />
32-->src/main/AndroidManifest.xml:21:17-77
32-->src/main/AndroidManifest.xml:21:27-74
33            </intent-filter>
34        </activity>
35    </application>
36
37</manifest>